2025-02-04 20:37:49,687(HH:mm:ss.SSS} [main] INFO  testCases.TC003_LoginDDT ***** TC003_Test Started*****
2025-02-04 20:37:53,685(HH:mm:ss.SSS} [main] INFO  testCases.TC003_LoginDDT ***** Test Passed invalid*****
2025-02-04 20:37:53,685(HH:mm:ss.SSS} [main] INFO  testCases.TC003_LoginDDT ***** TC003_Test Finished *****
2025-02-04 20:37:53,685(HH:mm:ss.SSS} [main] INFO  testCases.TC003_LoginDDT ***** TC003_Test Started*****
2025-02-04 20:37:57,967(HH:mm:ss.SSS} [main] INFO  testCases.TC003_LoginDDT ***** Test Passed invalid*****
2025-02-04 20:37:57,967(HH:mm:ss.SSS} [main] INFO  testCases.TC003_LoginDDT ***** TC003_Test Finished *****
2025-02-04 20:37:57,967(HH:mm:ss.SSS} [main] INFO  testCases.TC003_LoginDDT ***** TC003_Test Started*****
2025-02-04 20:37:59,753(HH:mm:ss.SSS} [main] INFO  testCases.TC003_LoginDDT ***** Test Passed valid is found*****
2025-02-04 20:38:00,376(HH:mm:ss.SSS} [main] INFO  testCases.TC003_LoginDDT ***** TC003_Test Finished *****
2025-02-06 21:38:11,434(HH:mm:ss.SSS} [main] WARN  org.testng.xml.TestNGContentHandler It is strongly recommended to add "<!DOCTYPE suite SYSTEM "https://testng.org/testng-1.1.dtd" >" at the top of the suite file [C:\Users\Ravi\eclipse-workspace\OpencartV1.0\Master.xml] otherwise TestNG may fail or not work as expected.
2025-02-06 21:38:26,015(HH:mm:ss.SSS} [main] INFO  testCases.TC001_AccountRegistrationTest *****Starting TC001 Account Registration Test case *****
2025-02-06 21:38:33,965(HH:mm:ss.SSS} [main] INFO  testCases.TC001_AccountRegistrationTest *****Ended TC001 Account Registration Test case *****
2025-02-06 21:38:38,583(HH:mm:ss.SSS} [main] INFO  testCases.TC002_LoginVerification ***** Login Verification Started*****
2025-02-06 21:38:38,613(HH:mm:ss.SSS} [main] INFO  testCases.TC002_LoginVerification HomePage Object is Created
2025-02-06 21:38:42,447(HH:mm:ss.SSS} [main] INFO  testCases.TC002_LoginVerification ***** Login Successful *****
2025-02-06 21:38:50,818(HH:mm:ss.SSS} [main] INFO  testCases.TC003_LoginDDT ***** TC003_Test Started*****
2025-02-06 21:38:55,632(HH:mm:ss.SSS} [main] INFO  testCases.TC003_LoginDDT ***** Test Passed invalid*****
2025-02-06 21:38:55,632(HH:mm:ss.SSS} [main] INFO  testCases.TC003_LoginDDT ***** TC003_Test Finished *****
2025-02-06 21:38:55,634(HH:mm:ss.SSS} [main] INFO  testCases.TC003_LoginDDT ***** TC003_Test Started*****
2025-02-06 21:38:59,799(HH:mm:ss.SSS} [main] INFO  testCases.TC003_LoginDDT ***** Test Passed invalid*****
2025-02-06 21:38:59,799(HH:mm:ss.SSS} [main] INFO  testCases.TC003_LoginDDT ***** TC003_Test Finished *****
2025-02-06 21:38:59,802(HH:mm:ss.SSS} [main] INFO  testCases.TC003_LoginDDT ***** TC003_Test Started*****
2025-02-06 21:39:03,816(HH:mm:ss.SSS} [main] INFO  testCases.TC003_LoginDDT ***** Test Passed invalid*****
2025-02-06 21:39:03,816(HH:mm:ss.SSS} [main] INFO  testCases.TC003_LoginDDT ***** TC003_Test Finished *****
2025-02-06 21:39:03,818(HH:mm:ss.SSS} [main] INFO  testCases.TC003_LoginDDT ***** TC003_Test Started*****
2025-02-06 21:39:05,694(HH:mm:ss.SSS} [main] INFO  testCases.TC003_LoginDDT ***** Test Passed valid is found*****
2025-02-06 21:39:06,399(HH:mm:ss.SSS} [main] INFO  testCases.TC003_LoginDDT ***** TC003_Test Finished *****
2025-02-07 13:25:08,913(HH:mm:ss.SSS} [main] INFO  testCases.TC001_AccountRegistrationTest *****Starting TC001 Account Registration Test case *****
2025-02-07 13:25:14,663(HH:mm:ss.SSS} [main] INFO  testCases.TC001_AccountRegistrationTest *****Ended TC001 Account Registration Test case *****
2025-02-07 13:25:18,835(HH:mm:ss.SSS} [main] INFO  testCases.TC002_LoginVerification ***** Login Verification Started*****
2025-02-07 13:25:18,841(HH:mm:ss.SSS} [main] INFO  testCases.TC002_LoginVerification HomePage Object is Created
2025-02-07 13:25:22,256(HH:mm:ss.SSS} [main] INFO  testCases.TC002_LoginVerification ***** Login Successful *****
2025-02-10 09:00:32,977(HH:mm:ss.SSS} [main] INFO  testCases.TC001_AccountRegistrationTest *****Starting TC001 Account Registration Test case *****
2025-02-10 09:00:39,390(HH:mm:ss.SSS} [main] INFO  testCases.TC001_AccountRegistrationTest *****Ended TC001 Account Registration Test case *****
2025-02-10 09:00:42,915(HH:mm:ss.SSS} [main] INFO  testCases.TC002_LoginVerification ***** Login Verification Started*****
2025-02-10 09:00:42,930(HH:mm:ss.SSS} [main] INFO  testCases.TC002_LoginVerification HomePage Object is Created
2025-02-10 09:00:46,644(HH:mm:ss.SSS} [main] INFO  testCases.TC002_LoginVerification ***** Login Successful *****
2025-02-10 09:03:22,824(HH:mm:ss.SSS} [main] INFO  testCases.TC001_AccountRegistrationTest *****Starting TC001 Account Registration Test case *****
2025-02-10 09:03:26,038(HH:mm:ss.SSS} [main] INFO  testCases.TC001_AccountRegistrationTest *****Ended TC001 Account Registration Test case *****
2025-02-10 09:03:30,530(HH:mm:ss.SSS} [main] INFO  testCases.TC002_LoginVerification ***** Login Verification Started*****
2025-02-10 09:03:30,543(HH:mm:ss.SSS} [main] INFO  testCases.TC002_LoginVerification HomePage Object is Created
