2025-02-13 07:07:31,888(HH:mm:ss.SSS} [main] INFO  testCases.TC001_AccountRegistrationTest ***** Chrome is Selected *****
2025-02-13 07:07:32,804(HH:mm:ss.SSS} [main] INFO  testCases.TC001_AccountRegistrationTest *****Starting TC001 Account Registration Test case *****
2025-02-13 07:07:38,217(HH:mm:ss.SSS} [main] INFO  testCases.TC001_AccountRegistrationTest *****Ended TC001 Account Registration Test case *****
2025-02-13 07:07:38,239(HH:mm:ss.SSS} [main] INFO  testCases.TC001_AccountRegistrationTest ***** Browser is Closed *****
2025-02-13 07:07:38,596(HH:mm:ss.SSS} [main] INFO  testCases.TC002_LoginVerification ***** Browser Started *****
2025-02-13 07:07:40,074(HH:mm:ss.SSS} [main] INFO  testCases.TC002_LoginVerification ***** Chrome is Selected *****
2025-02-13 07:07:41,338(HH:mm:ss.SSS} [main] INFO  testCases.TC002_LoginVerification ***** Login Verification Started*****
2025-02-13 07:07:41,353(HH:mm:ss.SSS} [main] INFO  testCases.TC002_LoginVerification HomePage Object is Created
2025-02-13 07:07:41,570(HH:mm:ss.SSS} [main] INFO  testCases.TC002_LoginVerification Clicked on My Account
2025-02-13 07:07:44,001(HH:mm:ss.SSS} [main] INFO  testCases.TC002_LoginVerification ***** Login Successful *****
2025-02-13 07:07:44,555(HH:mm:ss.SSS} [main] INFO  testCases.TC002_LoginVerification ***** Browser is Closed *****
2025-02-13 07:07:44,828(HH:mm:ss.SSS} [main] INFO  testCases.TC003_LoginDDT ***** Browser Started *****
2025-02-13 07:07:46,252(HH:mm:ss.SSS} [main] INFO  testCases.TC003_LoginDDT ***** Chrome is Selected *****
2025-02-13 07:07:50,216(HH:mm:ss.SSS} [main] INFO  testCases.TC003_LoginDDT ***** TC003_Test Started*****
2025-02-13 07:07:54,643(HH:mm:ss.SSS} [main] INFO  testCases.TC003_LoginDDT ***** Test Passed invalid*****
2025-02-13 07:07:54,643(HH:mm:ss.SSS} [main] INFO  testCases.TC003_LoginDDT ***** TC003_Test Finished *****
2025-02-13 07:07:54,645(HH:mm:ss.SSS} [main] INFO  testCases.TC003_LoginDDT ***** TC003_Test Started*****
2025-02-13 07:07:58,078(HH:mm:ss.SSS} [main] INFO  testCases.TC003_LoginDDT ***** Test Passed invalid*****
2025-02-13 07:07:58,078(HH:mm:ss.SSS} [main] INFO  testCases.TC003_LoginDDT ***** TC003_Test Finished *****
2025-02-13 07:07:58,080(HH:mm:ss.SSS} [main] INFO  testCases.TC003_LoginDDT ***** TC003_Test Started*****
2025-02-13 07:08:02,209(HH:mm:ss.SSS} [main] INFO  testCases.TC003_LoginDDT ***** Test Passed invalid*****
2025-02-13 07:08:02,209(HH:mm:ss.SSS} [main] INFO  testCases.TC003_LoginDDT ***** TC003_Test Finished *****
2025-02-13 07:08:02,212(HH:mm:ss.SSS} [main] INFO  testCases.TC003_LoginDDT ***** TC003_Test Started*****
2025-02-13 07:08:04,321(HH:mm:ss.SSS} [main] INFO  testCases.TC003_LoginDDT ***** Test Passed valid is found*****
2025-02-13 07:08:05,254(HH:mm:ss.SSS} [main] INFO  testCases.TC003_LoginDDT ***** TC003_Test Finished *****
2025-02-13 07:08:05,256(HH:mm:ss.SSS} [main] INFO  testCases.TC003_LoginDDT ***** Browser is Closed *****
