2025-02-04 20:27:22,154(HH:mm:ss.SSS} [main] INFO  testCases.TC002_LoginVerification HomePage Object is Created
2025-02-04 20:27:25,776(HH:mm:ss.SSS} [main] INFO  testCases.TC002_LoginVerification ***** Login Successful *****
2025-02-04 20:27:33,205(HH:mm:ss.SSS} [main] INFO  testCases.TC003_LoginDDT ***** TC003_Test Started*****
2025-02-04 20:27:37,717(HH:mm:ss.SSS} [main] INFO  testCases.TC003_LoginDDT ***** Test Passed invalid*****
2025-02-04 20:27:37,717(HH:mm:ss.SSS} [main] INFO  testCases.TC003_LoginDDT ***** TC003_Test Finished *****
2025-02-04 20:27:37,719(HH:mm:ss.SSS} [main] INFO  testCases.TC003_LoginDDT ***** TC003_Test Started*****
2025-02-04 20:27:41,333(HH:mm:ss.SSS} [main] INFO  testCases.TC003_LoginDDT ***** Test Passed invalid*****
2025-02-04 20:27:41,334(HH:mm:ss.SSS} [main] INFO  testCases.TC003_LoginDDT ***** TC003_Test Finished *****
2025-02-04 20:27:41,336(HH:mm:ss.SSS} [main] INFO  testCases.TC003_LoginDDT ***** TC003_Test Started*****
2025-02-04 20:27:44,968(HH:mm:ss.SSS} [main] INFO  testCases.TC003_LoginDDT ***** Test Passed invalid*****
2025-02-04 20:27:44,969(HH:mm:ss.SSS} [main] INFO  testCases.TC003_LoginDDT ***** TC003_Test Finished *****
2025-02-04 20:27:44,973(HH:mm:ss.SSS} [main] INFO  testCases.TC003_LoginDDT ***** TC003_Test Started*****
2025-02-04 20:27:46,838(HH:mm:ss.SSS} [main] INFO  testCases.TC003_LoginDDT ***** Test Passed valid is found*****
2025-02-04 20:27:47,518(HH:mm:ss.SSS} [main] INFO  testCases.TC003_LoginDDT ***** TC003_Test Finished *****
2025-02-04 20:29:01,420(HH:mm:ss.SSS} [main] WARN  org.testng.xml.TestNGContentHandler It is strongly recommended to add "<!DOCTYPE suite SYSTEM "https://testng.org/testng-1.1.dtd" >" at the top of the suite file [C:\Users\Ravi\eclipse-workspace\OpencartV1.0\Master.xml] otherwise TestNG may fail or not work as expected.
2025-02-04 20:29:12,506(HH:mm:ss.SSS} [main] INFO  testCases.TC001_AccountRegistrationTest *****Starting TC001 Account Registration Test case *****
2025-02-04 20:29:22,560(HH:mm:ss.SSS} [main] INFO  testCases.TC001_AccountRegistrationTest *****Ended TC001 Account Registration Test case *****
2025-02-04 20:29:45,855(HH:mm:ss.SSS} [main] INFO  testCases.TC002_LoginVerification ***** Login Verification Started*****
2025-02-04 20:29:45,861(HH:mm:ss.SSS} [main] INFO  testCases.TC002_LoginVerification HomePage Object is Created
2025-02-04 20:29:53,091(HH:mm:ss.SSS} [main] INFO  testCases.TC002_LoginVerification ***** Login Successful *****
2025-02-04 20:30:04,999(HH:mm:ss.SSS} [main] INFO  testCases.TC003_LoginDDT ***** TC003_Test Started*****
2025-02-04 20:30:09,542(HH:mm:ss.SSS} [main] INFO  testCases.TC003_LoginDDT ***** Test Passed invalid*****
2025-02-04 20:30:09,542(HH:mm:ss.SSS} [main] INFO  testCases.TC003_LoginDDT ***** TC003_Test Finished *****
2025-02-04 20:30:09,546(HH:mm:ss.SSS} [main] INFO  testCases.TC003_LoginDDT ***** TC003_Test Started*****
2025-02-04 20:30:13,884(HH:mm:ss.SSS} [main] INFO  testCases.TC003_LoginDDT ***** Test Passed invalid*****
2025-02-04 20:30:13,884(HH:mm:ss.SSS} [main] INFO  testCases.TC003_LoginDDT ***** TC003_Test Finished *****
2025-02-04 20:30:13,886(HH:mm:ss.SSS} [main] INFO  testCases.TC003_LoginDDT ***** TC003_Test Started*****
2025-02-04 20:30:18,216(HH:mm:ss.SSS} [main] INFO  testCases.TC003_LoginDDT ***** Test Passed invalid*****
2025-02-04 20:30:18,216(HH:mm:ss.SSS} [main] INFO  testCases.TC003_LoginDDT ***** TC003_Test Finished *****
2025-02-04 20:30:18,219(HH:mm:ss.SSS} [main] INFO  testCases.TC003_LoginDDT ***** TC003_Test Started*****
2025-02-04 20:30:19,952(HH:mm:ss.SSS} [main] INFO  testCases.TC003_LoginDDT ***** Test Passed valid is found*****
2025-02-04 20:30:20,648(HH:mm:ss.SSS} [main] INFO  testCases.TC003_LoginDDT ***** TC003_Test Finished *****
2025-02-04 20:37:16,933(HH:mm:ss.SSS} [main] WARN  org.testng.xml.TestNGContentHandler It is strongly recommended to add "<!DOCTYPE suite SYSTEM "https://testng.org/testng-1.1.dtd" >" at the top of the suite file [C:\Users\Ravi\eclipse-workspace\OpencartV1.0\Master.xml] otherwise TestNG may fail or not work as expected.
2025-02-04 20:37:23,925(HH:mm:ss.SSS} [main] INFO  testCases.TC001_AccountRegistrationTest *****Starting TC001 Account Registration Test case *****
2025-02-04 20:37:31,016(HH:mm:ss.SSS} [main] INFO  testCases.TC001_AccountRegistrationTest *****Ended TC001 Account Registration Test case *****
2025-02-04 20:37:34,670(HH:mm:ss.SSS} [main] INFO  testCases.TC002_LoginVerification ***** Login Verification Started*****
2025-02-04 20:37:34,680(HH:mm:ss.SSS} [main] INFO  testCases.TC002_LoginVerification HomePage Object is Created
2025-02-04 20:37:37,636(HH:mm:ss.SSS} [main] INFO  testCases.TC002_LoginVerification ***** Login Successful *****
2025-02-04 20:37:44,974(HH:mm:ss.SSS} [main] INFO  testCases.TC003_LoginDDT ***** TC003_Test Started*****
2025-02-04 20:37:49,687(HH:mm:ss.SSS} [main] INFO  testCases.TC003_LoginDDT ***** Test Passed invalid*****
2025-02-04 20:37:49,687(HH:mm:ss.SSS} [main] INFO  testCases.TC003_LoginDDT ***** TC003_Test Finished *****
